<?xml version="1.0" encoding="UTF-8"?>
<testng-results skipped="0" failed="0" ignored="0" total="1" passed="1">
  <reporter-output>
  </reporter-output>
  <suite name="Default suite" duration-ms="23921" started-at="2020-07-06T06:18:05 SAST" finished-at="2020-07-06T06:18:29 SAST">
    <groups>
    </groups>
    <test name="Default test" duration-ms="23921" started-at="2020-07-06T06:18:05 SAST" finished-at="2020-07-06T06:18:29 SAST">
      <class name="tests.BaseClass">
        <test-method status="PASS" signature="setup()[pri:0, instance:tests.BaseClass@7494e528]" name="setup" is-config="true" duration-ms="8497" started-at="2020-07-06T06:18:05 SAST" finished-at="2020-07-06T06:18:13 SAST">
          <reporter-output>
          </reporter-output>
        </test-method> <!-- setup -->
        <test-method status="PASS" signature="sampleTest()[pri:0, instance:tests.BaseClass@7494e528]" name="sampleTest" duration-ms="15140" started-at="2020-07-06T06:18:13 SAST" finished-at="2020-07-06T06:18:29 SAST">
          <reporter-output>
          </reporter-output>
        </test-method> <!-- sampleTest -->
        <test-method status="PASS" signature="teardown()[pri:0, instance:tests.BaseClass@7494e528]" name="teardown" is-config="true" duration-ms="219" started-at="2020-07-06T06:18:29 SAST" finished-at="2020-07-06T06:18:29 SAST">
          <reporter-output>
          </reporter-output>
        </test-method> <!-- teardown -->
      </class> <!-- tests.BaseClass -->
    </test> <!-- Default test -->
  </suite> <!-- Default suite -->
</testng-results>
